<?xml version="1.0" encoding="UTF-8"?>
<testng-results skipped="0" failed="0" ignored="0" total="1" passed="1">
  <reporter-output>
  </reporter-output>
  <suite name="Default suite" duration-ms="45" started-at="2020-08-17T08:09:34Z" finished-at="2020-08-17T08:09:34Z">
    <groups>
    </groups>
    <test name="Default test" duration-ms="45" started-at="2020-08-17T08:09:34Z" finished-at="2020-08-17T08:09:34Z">
      <class name="com.qa.tests.Verify_Search_Page">
        <test-method status="PASS" signature="Search_Page()[pri:0, instance:com.qa.tests.Verify_Search_Page@39c0f4a]" name="Search_Page" duration-ms="16" started-at="2020-08-17T08:09:34Z" finished-at="2020-08-17T08:09:34Z">
          <reporter-output>
          </reporter-output>
        </test-method> <!-- Search_Page -->
      </class> <!-- com.qa.tests.Verify_Search_Page -->
    </test> <!-- Default test -->
  </suite> <!-- Default suite -->
</testng-results>
